This is pdfTeX, Version 3.14159265-2.6-1.40.16 (TeX Live 2015) (preloaded format=pdflatex 2016.4.26)  26 AUG 2019 22:02
entering extended mode
 restricted \write18 enabled.
 %&-line parsing enabled.
**thesis.tex
(./thesis.tex
LaTeX2e <2015/01/01>
Babel <3.9l> and hyphenation patterns for 79 languages loaded.
(/usr/local/texlive/2015/texmf-dist/tex/latex/base/report.cls
Document Class: report 2014/09/29 v1.4h Standard LaTeX document class
(/usr/local/texlive/2015/texmf-dist/tex/latex/base/size12.clo
File: size12.clo 2014/09/29 v1.4h Standard LaTeX file (size option)
)
\c@part=\count79
\c@chapter=\count80
\c@section=\count81
\c@subsection=\count82
\c@subsubsection=\count83
\c@paragraph=\count84
\c@subparagraph=\count85
\c@figure=\count86
\c@table=\count87
\abovecaptionskip=\skip41
\belowcaptionskip=\skip42
\bibindent=\dimen102
)
(/usr/local/texlive/2015/texmf-dist/tex/latex/graphics/graphicx.sty
Package: graphicx 2014/10/28 v1.0g Enhanced LaTeX Graphics (DPC,SPQR)

(/usr/local/texlive/2015/texmf-dist/tex/latex/graphics/keyval.sty
Package: keyval 2014/10/28 v1.15 key=value parser (DPC)
\KV@toks@=\toks14
)
(/usr/local/texlive/2015/texmf-dist/tex/latex/graphics/graphics.sty
Package: graphics 2014/10/28 v1.0p Standard LaTeX Graphics (DPC,SPQR)

(/usr/local/texlive/2015/texmf-dist/tex/latex/graphics/trig.sty
Package: trig 1999/03/16 v1.09 sin cos tan (DPC)
)
(/usr/local/texlive/2015/texmf-dist/tex/latex/latexconfig/graphics.cfg
File: graphics.cfg 2010/04/23 v1.9 graphics configuration of TeX Live
)
Package graphics Info: Driver file: pdftex.def on input line 94.

(/usr/local/texlive/2015/texmf-dist/tex/latex/pdftex-def/pdftex.def
File: pdftex.def 2011/05/27 v0.06d Graphics/color for pdfTeX

(/usr/local/texlive/2015/texmf-dist/tex/generic/oberdiek/infwarerr.sty
Package: infwarerr 2010/04/08 v1.3 Providing info/warning/error messages (HO)
)
(/usr/local/texlive/2015/texmf-dist/tex/generic/oberdiek/ltxcmds.sty
Package: ltxcmds 2011/11/09 v1.22 LaTeX kernel commands for general use (HO)
)
\Gread@gobject=\count88
))
\Gin@req@height=\dimen103
\Gin@req@width=\dimen104
)
(/usr/local/texlive/2015/texmf-dist/tex/latex/subfig/subfig.sty
Package: subfig 2005/06/28 ver: 1.3 subfig package

(/usr/local/texlive/2015/texmf-dist/tex/latex/caption/caption.sty
Package: caption 2013/05/02 v3.3-89 Customizing captions (AR)

(/usr/local/texlive/2015/texmf-dist/tex/latex/caption/caption3.sty
Package: caption3 2013/05/02 v1.6-88 caption3 kernel (AR)
Package caption3 Info: TeX engine: e-TeX on input line 57.
\captionmargin=\dimen105
\captionmargin@=\dimen106
\captionwidth=\dimen107
\caption@tempdima=\dimen108
\caption@indent=\dimen109
\caption@parindent=\dimen110
\caption@hangindent=\dimen111
)
\c@ContinuedFloat=\count89
)
\c@KVtest=\count90
\sf@farskip=\skip43
\sf@captopadj=\dimen112
\sf@capskip=\skip44
\sf@nearskip=\skip45
\c@subfigure=\count91
\c@subfigure@save=\count92
\c@lofdepth=\count93
\c@subtable=\count94
\c@subtable@save=\count95
\c@lotdepth=\count96
\sf@top=\skip46
\sf@bottom=\skip47
)
(./fancyheadings.sty
\headrulewidth=\dimen113
\footrulewidth=\dimen114
\plainheadrulewidth=\dimen115
\plainfootrulewidth=\dimen116
\headwidth=\dimen117
\footruleskip=\dimen118
)
(/usr/local/texlive/2015/texmf-dist/tex/latex/tools/longtable.sty
Package: longtable 2014/10/28 v4.11 Multi-page Table package (DPC)
\LTleft=\skip48
\LTright=\skip49
\LTpre=\skip50
\LTpost=\skip51
\LTchunksize=\count97
\LTcapwidth=\dimen119
\LT@head=\box26
\LT@firsthead=\box27
\LT@foot=\box28
\LT@lastfoot=\box29
\LT@cols=\count98
\LT@rows=\count99
\c@LT@tables=\count100
\c@LT@chunks=\count101
\LT@p@ftn=\toks15
)
(/usr/local/texlive/2015/texmf-dist/tex/latex/amsmath/amsmath.sty
Package: amsmath 2013/01/14 v2.14 AMS math features
\@mathmargin=\skip52

For additional information on amsmath, use the `?' option.
(/usr/local/texlive/2015/texmf-dist/tex/latex/amsmath/amstext.sty
Package: amstext 2000/06/29 v2.01

(/usr/local/texlive/2015/texmf-dist/tex/latex/amsmath/amsgen.sty
File: amsgen.sty 1999/11/30 v2.0
\@emptytoks=\toks16
\ex@=\dimen120
))
(/usr/local/texlive/2015/texmf-dist/tex/latex/amsmath/amsbsy.sty
Package: amsbsy 1999/11/29 v1.2d
\pmbraise@=\dimen121
)
(/usr/local/texlive/2015/texmf-dist/tex/latex/amsmath/amsopn.sty
Package: amsopn 1999/12/14 v2.01 operator names
)
\inf@bad=\count102
LaTeX Info: Redefining \frac on input line 210.
\uproot@=\count103
\leftroot@=\count104
LaTeX Info: Redefining \overline on input line 306.
\classnum@=\count105
\DOTSCASE@=\count106
LaTeX Info: Redefining \ldots on input line 378.
LaTeX Info: Redefining \dots on input line 381.
LaTeX Info: Redefining \cdots on input line 466.
\Mathstrutbox@=\box30
\strutbox@=\box31
\big@size=\dimen122
LaTeX Font Info:    Redeclaring font encoding OML on input line 566.
LaTeX Font Info:    Redeclaring font encoding OMS on input line 567.
\macc@depth=\count107
\c@MaxMatrixCols=\count108
\dotsspace@=\muskip10
\c@parentequation=\count109
\dspbrk@lvl=\count110
\tag@help=\toks17
\row@=\count111
\column@=\count112
\maxfields@=\count113
\andhelp@=\toks18
\eqnshift@=\dimen123
\alignsep@=\dimen124
\tagshift@=\dimen125
\tagwidth@=\dimen126
\totwidth@=\dimen127
\lineht@=\dimen128
\@envbody=\toks19
\multlinegap=\skip53
\multlinetaggap=\skip54
\mathdisplay@stack=\toks20
LaTeX Info: Redefining \[ on input line 2665.
LaTeX Info: Redefining \] on input line 2666.
)
(/usr/local/texlive/2015/texmf-dist/tex/latex/tools/bm.sty
Package: bm 2014/10/28 v1.1c Bold Symbol Support (DPC/FMi)
\symboldoperators=\mathgroup4
\symboldletters=\mathgroup5
\symboldsymbols=\mathgroup6
LaTeX Font Info:    Redeclaring math alphabet \mathbf on input line 141.
LaTeX Info: Redefining \bm on input line 207.
)
(/usr/local/texlive/2015/texmf-dist/tex/latex/float/float.sty
Package: float 2001/11/08 v1.3d Float enhancements (AL)
\c@float@type=\count114
\float@exts=\toks21
\float@box=\box32
\@float@everytoks=\toks22
\@floatcapt=\box33
)
(/usr/local/texlive/2015/texmf-dist/tex/latex/oberdiek/bookmark.sty
Package: bookmark 2011/12/02 v1.24 PDF bookmarks (HO)

(/usr/local/texlive/2015/texmf-dist/tex/generic/oberdiek/pdfescape.sty
Package: pdfescape 2011/11/25 v1.13 Implements pdfTeX's escape features (HO)

(/usr/local/texlive/2015/texmf-dist/tex/generic/oberdiek/pdftexcmds.sty
Package: pdftexcmds 2011/11/29 v0.20 Utility functions of pdfTeX for LuaTeX (HO
)

(/usr/local/texlive/2015/texmf-dist/tex/generic/oberdiek/ifluatex.sty
Package: ifluatex 2010/03/01 v1.3 Provides the ifluatex switch (HO)
Package ifluatex Info: LuaTeX not detected.
)
(/usr/local/texlive/2015/texmf-dist/tex/generic/oberdiek/ifpdf.sty
Package: ifpdf 2011/01/30 v2.3 Provides the ifpdf switch (HO)
Package ifpdf Info: pdfTeX in PDF mode is detected.
)
Package pdftexcmds Info: LuaTeX not detected.
Package pdftexcmds Info: \pdf@primitive is available.
Package pdftexcmds Info: \pdf@ifprimitive is available.
Package pdftexcmds Info: \pdfdraftmode found.
))
(/usr/local/texlive/2015/texmf-dist/tex/generic/ifxetex/ifxetex.sty
Package: ifxetex 2010/09/12 v0.6 Provides ifxetex conditional
)
(/usr/local/texlive/2015/texmf-dist/tex/generic/oberdiek/ifvtex.sty
Package: ifvtex 2010/03/01 v1.5 Detect VTeX and its facilities (HO)
Package ifvtex Info: VTeX not detected.
)
(/usr/local/texlive/2015/texmf-dist/tex/latex/hyperref/hyperref.sty
Package: hyperref 2012/11/06 v6.83m Hypertext links for LaTeX

(/usr/local/texlive/2015/texmf-dist/tex/generic/oberdiek/hobsub-hyperref.sty
Package: hobsub-hyperref 2012/05/28 v1.13 Bundle oberdiek, subset hyperref (HO)


(/usr/local/texlive/2015/texmf-dist/tex/generic/oberdiek/hobsub-generic.sty
Package: hobsub-generic 2012/05/28 v1.13 Bundle oberdiek, subset generic (HO)
Package: hobsub 2012/05/28 v1.13 Construct package bundles (HO)
Package hobsub Info: Skipping package `infwarerr' (already loaded).
Package hobsub Info: Skipping package `ltxcmds' (already loaded).
Package hobsub Info: Skipping package `ifluatex' (already loaded).
Package hobsub Info: Skipping package `ifvtex' (already loaded).
Package: intcalc 2007/09/27 v1.1 Expandable calculations with integers (HO)
Package hobsub Info: Skipping package `ifpdf' (already loaded).
Package: etexcmds 2011/02/16 v1.5 Avoid name clashes with e-TeX commands (HO)
Package etexcmds Info: Could not find \expanded.
(etexcmds)             That can mean that you are not using pdfTeX 1.50 or
(etexcmds)             that some package has redefined \expanded.
(etexcmds)             In the latter case, load this package earlier.
Package: kvsetkeys 2012/04/25 v1.16 Key value parser (HO)
Package: kvdefinekeys 2011/04/07 v1.3 Define keys (HO)
Package hobsub Info: Skipping package `pdftexcmds' (already loaded).
Package hobsub Info: Skipping package `pdfescape' (already loaded).
Package: bigintcalc 2012/04/08 v1.3 Expandable calculations on big integers (HO
)
Package: bitset 2011/01/30 v1.1 Handle bit-vector datatype (HO)
Package: uniquecounter 2011/01/30 v1.2 Provide unlimited unique counter (HO)
)
Package hobsub Info: Skipping package `hobsub' (already loaded).
Package: letltxmacro 2010/09/02 v1.4 Let assignment for LaTeX macros (HO)
Package: hopatch 2012/05/28 v1.2 Wrapper for package hooks (HO)
Package: xcolor-patch 2011/01/30 xcolor patch
Package: atveryend 2011/06/30 v1.8 Hooks at the very end of document (HO)
Package atveryend Info: \enddocument detected (standard20110627).
Package: atbegshi 2011/10/05 v1.16 At begin shipout hook (HO)
Package: refcount 2011/10/16 v3.4 Data extraction from label references (HO)
Package: hycolor 2011/01/30 v1.7 Color options for hyperref/bookmark (HO)
)
(/usr/local/texlive/2015/texmf-dist/tex/latex/oberdiek/auxhook.sty
Package: auxhook 2011/03/04 v1.3 Hooks for auxiliary files (HO)
)
(/usr/local/texlive/2015/texmf-dist/tex/latex/oberdiek/kvoptions.sty
Package: kvoptions 2011/06/30 v3.11 Key value format for package options (HO)
)
\@linkdim=\dimen129
\Hy@linkcounter=\count115
\Hy@pagecounter=\count116

(/usr/local/texlive/2015/texmf-dist/tex/latex/hyperref/pd1enc.def
File: pd1enc.def 2012/11/06 v6.83m Hyperref: PDFDocEncoding definition (HO)
)
\Hy@SavedSpaceFactor=\count117

(/usr/local/texlive/2015/texmf-dist/tex/latex/latexconfig/hyperref.cfg
File: hyperref.cfg 2002/06/06 v1.2 hyperref configuration of TeXLive
)
Package hyperref Info: Hyper figures OFF on input line 4443.
Package hyperref Info: Link nesting OFF on input line 4448.
Package hyperref Info: Hyper index ON on input line 4451.
Package hyperref Info: Plain pages OFF on input line 4458.
Package hyperref Info: Backreferencing OFF on input line 4463.
Package hyperref Info: Implicit mode ON; LaTeX internals redefined.
Package hyperref Info: Bookmarks ON on input line 4688.
\c@Hy@tempcnt=\count118

(/usr/local/texlive/2015/texmf-dist/tex/latex/url/url.sty
\Urlmuskip=\muskip11
Package: url 2013/09/16  ver 3.4  Verb mode for urls, etc.
)
LaTeX Info: Redefining \url on input line 5041.
\XeTeXLinkMargin=\dimen130
\Fld@menulength=\count119
\Field@Width=\dimen131
\Fld@charsize=\dimen132
Package hyperref Info: Hyper figures OFF on input line 6295.
Package hyperref Info: Link nesting OFF on input line 6300.
Package hyperref Info: Hyper index ON on input line 6303.
Package hyperref Info: backreferencing OFF on input line 6310.
Package hyperref Info: Link coloring OFF on input line 6315.
Package hyperref Info: Link coloring with OCG OFF on input line 6320.
Package hyperref Info: PDF/A mode OFF on input line 6325.
LaTeX Info: Redefining \ref on input line 6365.
LaTeX Info: Redefining \pageref on input line 6369.
\Hy@abspage=\count120
\c@Item=\count121
\c@Hfootnote=\count122
)

Package hyperref Message: Driver (autodetected): hpdftex.

(/usr/local/texlive/2015/texmf-dist/tex/latex/hyperref/hpdftex.def
File: hpdftex.def 2012/11/06 v6.83m Hyperref driver for pdfTeX
\Fld@listcount=\count123
\c@bookmark@seq@number=\count124

(/usr/local/texlive/2015/texmf-dist/tex/latex/oberdiek/rerunfilecheck.sty
Package: rerunfilecheck 2011/04/15 v1.7 Rerun checks for auxiliary files (HO)
Package uniquecounter Info: New unique counter `rerunfilecheck' on input line 2
82.
)
\Hy@SectionHShift=\skip55
)
(/usr/local/texlive/2015/texmf-dist/tex/latex/oberdiek/bkm-pdftex.def
File: bkm-pdftex.def 2011/12/02 v1.24 bookmark driver for pdfTeX (HO)
\BKM@id=\count125
))
(/usr/local/texlive/2015/texmf-dist/tex/latex/subfiles/subfiles.sty
Package: subfiles 2012/05/23 Federico Garcia

(/usr/local/texlive/2015/texmf-dist/tex/latex/tools/verbatim.sty
Package: verbatim 2014/10/28 v1.5q LaTeX2e package for verbatim enhancements
\every@verbatim=\toks23
\verbatim@line=\toks24
\verbatim@in@stream=\read1
))
(/usr/local/texlive/2015/texmf-dist/tex/latex/datetime/datetime.sty
Package: datetime 2015/03/20 v2.60 Date Time Package

(/usr/local/texlive/2015/texmf-dist/tex/latex/etoolbox/etoolbox.sty
Package: etoolbox 2015/05/04 v2.2 e-TeX tools for LaTeX (JAW)
\etb@tempcnta=\count126
)
(/usr/local/texlive/2015/texmf-dist/tex/latex/fmtcount/fmtcount.sty
Package: fmtcount 2015/05/05 v3.01

(/usr/local/texlive/2015/texmf-dist/tex/latex/base/ifthen.sty
Package: ifthen 2014/09/29 v1.1c Standard LaTeX ifthen package (DPC)
)
(/usr/local/texlive/2015/texmf-dist/tex/latex/xkeyval/xkeyval.sty
Package: xkeyval 2014/12/03 v2.7a package option processing (HA)

(/usr/local/texlive/2015/texmf-dist/tex/generic/xkeyval/xkeyval.tex
(/usr/local/texlive/2015/texmf-dist/tex/generic/xkeyval/xkvutils.tex
\XKV@toks=\toks25
\XKV@tempa@toks=\toks26
)
\XKV@depth=\count127
File: xkeyval.tex 2014/12/03 v2.7a key=value parser (HA)
))
(/usr/local/texlive/2015/texmf-dist/tex/latex/fmtcount/fcprefix.sty
Package: fcprefix 2012/09/28

(/usr/local/texlive/2015/texmf-dist/tex/latex/fmtcount/fcnumparser.sty
Package: fcnumparser 2012/09/28
\fc@digit@counter=\count128
))
\c@padzeroesN=\count129
\fc@tmpcatcode=\count130
\@DT@modctr=\count131
\@ordinalctr=\count132
\@orgargctr=\count133
\@strctr=\count134
\@tmpstrctr=\count135
\@DT@loopN=\count136
\@DT@X=\count137

(/usr/local/texlive/2015/texmf-dist/tex/latex/fmtcount/fc-english.def
File: fc-english.def 2013/08/17
))
(/usr/local/texlive/2015/texmf-dist/tex/latex/datetime/datetime-defaults.sty
Package: datetime-defaults 2013/09/10
)
\@day=\count138
\@month=\count139
\@year=\count140
\c@HOUR=\count141
\c@HOURXII=\count142
\c@MINUTE=\count143
\c@TOHOUR=\count144
\c@TOMINUTE=\count145
\c@SECOND=\count146
\currenthour=\count147
\currentminute=\count148
\currentsecond=\count149
Package datetime Info: No datetime.cfg file found, using default settings on in
put line 308.
\@dtctr=\count150
\dayofyear=\count151
\dayofweek=\count152
LaTeX Info: Redefining \today on input line 736.
\dt@a=\toks27
\dt@b=\toks28
)
(/usr/local/texlive/2015/texmf-dist/tex/latex/setspace/setspace.sty
Package: setspace 2011/12/19 v6.7a set line spacing
)
(/usr/local/texlive/2015/texmf-dist/tex/latex/listings/listings.sty
\lst@mode=\count153
\lst@gtempboxa=\box34
\lst@token=\toks29
\lst@length=\count154
\lst@currlwidth=\dimen133
\lst@column=\count155
\lst@pos=\count156
\lst@lostspace=\dimen134
\lst@width=\dimen135
\lst@newlines=\count157
\lst@lineno=\count158
\lst@maxwidth=\dimen136

(/usr/local/texlive/2015/texmf-dist/tex/latex/listings/lstmisc.sty
File: lstmisc.sty 2014/09/06 1.5e (Carsten Heinz)
\c@lstnumber=\count159
\lst@skipnumbers=\count160
\lst@framebox=\box35
)
(/usr/local/texlive/2015/texmf-dist/tex/latex/listings/listings.cfg
File: listings.cfg 2014/09/06 1.5e listings configuration
))
Package: listings 2014/09/06 1.5e (Carsten Heinz)

(/usr/local/texlive/2015/texmf-dist/tex/latex/xcolor/xcolor.sty
Package: xcolor 2007/01/21 v2.11 LaTeX color extensions (UK)

(/usr/local/texlive/2015/texmf-dist/tex/latex/latexconfig/color.cfg
File: color.cfg 2007/01/18 v1.5 color configuration of teTeX/TeXLive
)
Package xcolor Info: Driver file: pdftex.def on input line 225.
Package xcolor Info: Model `cmy' substituted by `cmy0' on input line 1337.
Package xcolor Info: Model `hsb' substituted by `rgb' on input line 1341.
Package xcolor Info: Model `RGB' extended on input line 1353.
Package xcolor Info: Model `HTML' substituted by `rgb' on input line 1355.
Package xcolor Info: Model `Hsb' substituted by `hsb' on input line 1356.
Package xcolor Info: Model `tHsb' substituted by `hsb' on input line 1357.
Package xcolor Info: Model `HSB' substituted by `hsb' on input line 1358.
Package xcolor Info: Model `Gray' substituted by `gray' on input line 1359.
Package xcolor Info: Model `wave' substituted by `hsb' on input line 1360.
)
(/usr/local/texlive/2015/texmf-dist/tex/latex/multirow/multirow.sty
\bigstrutjot=\dimen137
)
(/usr/local/texlive/2015/texmf-dist/tex/latex/bigfoot/perpage.sty
Package: perpage 2014/10/25 2.0 Reset/sort counters per page
\c@abspage=\count161
)
(/usr/local/texlive/2015/texmf-dist/tex/latex/footmisc/footmisc.sty
Package: footmisc 2011/06/06 v5.5b a miscellany of footnote facilities
\FN@temptoken=\toks30
\footnotemargin=\dimen138
\c@pp@next@reset=\count162
\c@@fnserial=\count163
Package footmisc Info: Declaring symbol style bringhurst on input line 855.
Package footmisc Info: Declaring symbol style chicago on input line 863.
Package footmisc Info: Declaring symbol style wiley on input line 872.
Package footmisc Info: Declaring symbol style lamport-robust on input line 883.

Package footmisc Info: Declaring symbol style lamport* on input line 903.
Package footmisc Info: Declaring symbol style lamport*-robust on input line 924
.
)
(/usr/local/texlive/2015/texmf-dist/tex/latex/ms/ragged2e.sty
Package: ragged2e 2009/05/21 v2.1 ragged2e Package (MS)

(/usr/local/texlive/2015/texmf-dist/tex/latex/ms/everysel.sty
Package: everysel 2011/10/28 v1.2 EverySelectfont Package (MS)
)
\CenteringLeftskip=\skip56
\RaggedLeftLeftskip=\skip57
\RaggedRightLeftskip=\skip58
\CenteringRightskip=\skip59
\RaggedLeftRightskip=\skip60
\RaggedRightRightskip=\skip61
\CenteringParfillskip=\skip62
\RaggedLeftParfillskip=\skip63
\RaggedRightParfillskip=\skip64
\JustifyingParfillskip=\skip65
\CenteringParindent=\skip66
\RaggedLeftParindent=\skip67
\RaggedRightParindent=\skip68
\JustifyingParindent=\skip69
)
(/usr/local/texlive/2015/texmf-dist/tex/latex/algorithms/algorithmic.sty
Package: algorithmic 2009/08/24 v0.1 Document Style `algorithmic'
\c@ALC@unique=\count164
\c@ALC@line=\count165
\c@ALC@rem=\count166
\c@ALC@depth=\count167
\ALC@tlm=\skip70
\algorithmicindent=\skip71
)
(/usr/local/texlive/2015/texmf-dist/tex/latex/was/gensymb.sty
Package: gensymb 2003/07/02 v1.0 (WaS)
)
(/usr/local/texlive/2015/texmf-dist/tex/latex/doublestroke/dsfont.sty
Package: dsfont 1995/08/01 v0.1 Double stroke roman fonts
)
(/usr/local/texlive/2015/texmf-dist/tex/latex/natbib/natbib.sty
Package: natbib 2010/09/13 8.31b (PWD, AO)
\bibhang=\skip72
\bibsep=\skip73
LaTeX Info: Redefining \cite on input line 694.
\c@NAT@ctr=\count168
) (./thesis.aux
(./frontmatter.aux) (./abbreviations.aux) (./nomenclature.aux)
(./introduction.aux) (./literature.aux) (./approach.aux) (./development.aux)
(./results.aux) (./conclusions.aux) (./app_codes.aux) (./app_reco.aux)
(./app_supp.aux))
\openout1 = `thesis.aux'.

LaTeX Font Info:    Checking defaults for OML/cmm/m/it on input line 139.
LaTeX Font Info:    ... okay on input line 139.
LaTeX Font Info:    Checking defaults for T1/cmr/m/n on input line 139.
LaTeX Font Info:    ... okay on input line 139.
LaTeX Font Info:    Checking defaults for OT1/cmr/m/n on input line 139.
LaTeX Font Info:    ... okay on input line 139.
LaTeX Font Info:    Checking defaults for OMS/cmsy/m/n on input line 139.
LaTeX Font Info:    ... okay on input line 139.
LaTeX Font Info:    Checking defaults for OMX/cmex/m/n on input line 139.
LaTeX Font Info:    ... okay on input line 139.
LaTeX Font Info:    Checking defaults for U/cmr/m/n on input line 139.
LaTeX Font Info:    ... okay on input line 139.
LaTeX Font Info:    Checking defaults for PD1/pdf/m/n on input line 139.
LaTeX Font Info:    ... okay on input line 139.

(/usr/local/texlive/2015/texmf-dist/tex/context/base/supp-pdf.mkii
[Loading MPS to PDF converter (version 2006.09.02).]
\scratchcounter=\count169
\scratchdimen=\dimen139
\scratchbox=\box36
\nofMPsegments=\count170
\nofMParguments=\count171
\everyMPshowfont=\toks31
\MPscratchCnt=\count172
\MPscratchDim=\dimen140
\MPnumerator=\count173
\makeMPintoPDFobject=\count174
\everyMPtoPDFconversion=\toks32
) (/usr/local/texlive/2015/texmf-dist/tex/latex/oberdiek/epstopdf-base.sty
Package: epstopdf-base 2010/02/09 v2.5 Base part for package epstopdf

(/usr/local/texlive/2015/texmf-dist/tex/latex/oberdiek/grfext.sty
Package: grfext 2010/08/19 v1.1 Manage graphics extensions (HO)
)
Package grfext Info: Graphics extension search list:
(grfext)             [.png,.pdf,.jpg,.mps,.jpeg,.jbig2,.jb2,.PNG,.PDF,.JPG,.JPE
G,.JBIG2,.JB2,.eps]
(grfext)             \AppendGraphicsExtensions on input line 452.

(/usr/local/texlive/2015/texmf-dist/tex/latex/latexconfig/epstopdf-sys.cfg
File: epstopdf-sys.cfg 2010/07/13 v1.3 Configuration of (r)epstopdf for TeX Liv
e
))
Package caption Info: Begin \AtBeginDocument code.
Package caption Info: subfig package v1.3 is loaded.
Package caption Info: float package is loaded.
Package caption Info: hyperref package is loaded.
Package caption Info: listings package is loaded.
Package caption Info: longtable package is loaded.

(/usr/local/texlive/2015/texmf-dist/tex/latex/caption/ltcaption.sty
Package: ltcaption 2013/02/03 v1.3-62 longtable captions (AR)
)
Package caption Info: End \AtBeginDocument code.
\AtBeginShipoutBox=\box37
Package hyperref Info: Link coloring OFF on input line 139.

(/usr/local/texlive/2015/texmf-dist/tex/latex/hyperref/nameref.sty
Package: nameref 2012/10/27 v2.43 Cross-referencing by name of section

(/usr/local/texlive/2015/texmf-dist/tex/generic/oberdiek/gettitlestring.sty
Package: gettitlestring 2010/12/03 v1.4 Cleanup title references (HO)
)
\c@section@level=\count175
)
LaTeX Info: Redefining \ref on input line 139.
LaTeX Info: Redefining \pageref on input line 139.
LaTeX Info: Redefining \nameref on input line 139.
\c@lstlisting=\count176

ABD: EverySelectfont initializing macros
LaTeX Info: Redefining \selectfont on input line 139.
LaTeX Info: Redefining \celsius on input line 139.
Package gensymb Info: Faking symbols for \degree and \celsius on input line 139
.


Package gensymb Warning: Not defining \perthousand.

LaTeX Info: Redefining \ohm on input line 139.
Package gensymb Info: Using \Omega for \ohm on input line 139.

Package gensymb Warning: Not defining \micro.

\openout2 = `frontmatter.aux'.

(./frontmatter.tex <cranfield.jpg, id=4, 2845.63126pt x 2845.63126pt>
File: cranfield.jpg Graphic file (type jpg)

<use cranfield.jpg>
Package pdftex.def Info: cranfield.jpg used on input line 11.
(pdftex.def)             Requested size: 170.71393pt x 170.68709pt.
 [1


{/usr/local/texlive/2015/texmf-var/fonts/map/pdftex/updmap/pdftex.map} <./cranf
ield.jpg>]
Underfull \vbox (badness 10000) has occurred while \output is active []

 [2]
LaTeX Font Info:    Try loading font information for OMS+cmr on input line 99.

(/usr/local/texlive/2015/texmf-dist/tex/latex/base/omscmr.fd
File: omscmr.fd 2014/09/29 v2.5h Standard LaTeX font definitions
)
LaTeX Font Info:    Font shape `OMS/cmr/m/n' in size <12> not available
(Font)              Font shape `OMS/cmsy/m/n' tried instead on input line 99.
 [3]
Underfull \vbox (badness 10000) has occurred while \output is active []

 [4]
[1] [2]
Underfull \hbox (badness 10000) in paragraph at lines 178--181

 []

[3]
Underfull \hbox (badness 10000) in paragraph at lines 202--207

 []

[4]) (./thesis.toc [5
\FN@pp@footnotehinttrue 


] [6])
\tf@toc=\write3
\openout3 = `thesis.toc'.

 [7] [8] (./thesis.lof
Underfull \vbox (badness 7667) has occurred while \output is active []

 [9

])
\tf@lof=\write4
\openout4 = `thesis.lof'.


[10] (./thesis.lot)
\tf@lot=\write5
\openout5 = `thesis.lot'.

 [11

] [12]
\openout2 = `abbreviations.aux'.

 (./abbreviations.tex) [13


] [14

]
\openout2 = `nomenclature.aux'.


(./nomenclature.tex) [15

] [16

]
\openout2 = `introduction.aux'.

 (./introduction.tex
Chapter 1.

Underfull \hbox (badness 10000) in paragraph at lines 16--19

 []

pdfTeX warning (ext4): destination with the same identifier (name{page.1}) has 
been already used, duplicate ignored
<to be read again> 
                   \relax 
l.19 
      [1



])pdfTeX warning (ext4): destination with the same identifier (name{page.2}) ha
s been already used, duplicate ignored
<to be read again> 
                   \relax 
l.197 	\include{introduction}
                              [2]
\openout2 = `literature.aux'.

 (./literature.tex
Chapter 2.
pdfTeX warning (ext4): destination with the same identifier (name{page.3}) has 
been already used, duplicate ignored
<to be read again> 
                   \relax 
l.18 
      [3



]pdfTeX warning (ext4): destination with the same identifier (name{page.4}) has
 been already used, duplicate ignored
<to be read again> 
                   \relax 
l.36 
      [4] [5]
Underfull \hbox (badness 10000) in paragraph at lines 67--70

 []


Underfull \vbox (badness 10000) has occurred while \output is active []

 [6]
[7] [8]
Underfull \hbox (badness 10000) in paragraph at lines 140--143

 []


Underfull \vbox (badness 3240) has occurred while \output is active []

 [9]
Missing character: There is no â in font cmr12!
Missing character: There is no € in font cmr12!
Missing character: There is no ™ in font cmr12!

[10]
Underfull \hbox (badness 10000) in paragraph at lines 164--173

 []


Underfull \hbox (badness 10000) in paragraph at lines 164--173

 []


Underfull \hbox (badness 10000) in paragraph at lines 164--173

 []


Underfull \hbox (badness 10000) in paragraph at lines 164--173

 []

[11]
Missing character: There is no â in font cmr12!
Missing character: There is no € in font cmr12!
Missing character: There is no ™ in font cmr12!
)
Underfull \hbox (badness 10000) in paragraph at lines 177--199

 []


Underfull \hbox (badness 10000) in paragraph at lines 177--199

 []


Underfull \hbox (badness 10000) in paragraph at lines 177--199

 []


Underfull \hbox (badness 10000) in paragraph at lines 177--199

 []

[12] [13] [14

]
\openout2 = `approach.aux'.

 (./approach.tex
Chapter 3.

<image_directory/approach/discretisation.pdf, id=605, 569.12625pt x 170.6375pt>
File: image_directory/approach/discretisation.pdf Graphic file (type pdf)
<use image_directory/approach/discretisation.pdf>
Package pdftex.def Info: image_directory/approach/discretisation.pdf used on in
put line 41.
(pdftex.def)             Requested size: 426.79134pt x 139.93275pt.
LaTeX Font Info:    Try loading font information for U+dsrom on input line 42.

(/usr/local/texlive/2015/texmf-dist/tex/latex/doublestroke/Udsrom.fd
File: Udsrom.fd 1995/08/01 v0.1 Double stroke roman font definitions
)
Underfull \hbox (badness 10000) in paragraph at lines 49--51

 []


Underfull \vbox (badness 10000) has occurred while \output is active []

 [15


pdfTeX warning (ext4): destination with the same identifier (name{equation.3.0.
2}) has been already used, duplicate ignored

\AtBegShi@Output ...ipout \box \AtBeginShipoutBox 
                                                  \fi \fi 
l.51 
     ]
Overfull \hbox (6.14986pt too wide) in paragraph at lines 58--59
[]\OT1/cmr/m/n/12 Construct two \OT1/cmr/m/it/12 lo-cal \OT1/cmr/m/n/12 Rie-man
n prob-lems over a data pairs $(\OML/cmm/m/it/12 ^^Z[]; ^^Z[]\OT1/cmr/m/n/12 )$
 and $(\OML/cmm/m/it/12 ^^Z[]; ^^Z[]\OT1/cmr/m/n/12 )$, 
 []

[16 <./image_directory/approach/discretisation.pdf>] [17pdfTeX warning (ext4): 
destination with the same identifier (name{equation.3.2.4}) has been already us
ed, duplicate ignored

\AtBegShi@Output ...ipout \box \AtBeginShipoutBox 
                                                  \fi \fi 
l.100 	\end{equation}
                     pdfTeX warning (ext4): destination with the same identifie
r (name{equation.3.2.4}) has been already used, duplicate ignored

\AtBegShi@Output ...ipout \box \AtBeginShipoutBox 
                                                  \fi \fi 
l.100 	\end{equation}
                     pdfTeX warning (ext4): destination with the same identifie
r (name{equation.3.2.4}) has been already used, duplicate ignored

\AtBegShi@Output ...ipout \box \AtBeginShipoutBox 
                                                  \fi \fi 
l.100 	\end{equation}
                     ]
Overfull \hbox (6.90141pt too wide) in paragraph at lines 107--109
\OT1/cmr/m/n/12 represent the max-i-mum wave speed for the Ru-sanov (Equa-tion 
[]3.6[]) and Lax-Friedrichs
 []


Underfull \vbox (badness 4595) has occurred while \output is active []

 [18]
Underfull \vbox (badness 2269) has occurred while \output is active []

 [19pdfTeX warning (ext4): destination with the same identifier (name{equation.
3.3.12}) has been already used, duplicate ignored

\AtBegShi@Output ...ipout \box \AtBeginShipoutBox 
                                                  \fi \fi 
l.169 	\end{equation}
                     pdfTeX warning (ext4): destination with the same identifie
r (name{equation.3.3.12}) has been already used, duplicate ignored

\AtBegShi@Output ...ipout \box \AtBeginShipoutBox 
                                                  \fi \fi 
l.169 	\end{equation}
                     pdfTeX warning (ext4): destination with the same identifie
r (name{equation.3.3.12}) has been already used, duplicate ignored

\AtBegShi@Output ...ipout \box \AtBeginShipoutBox 
                                                  \fi \fi 
l.169 	\end{equation}
                     ]
Underfull \hbox (badness 10000) in paragraph at lines 181--186

 []


Underfull \hbox (badness 10000) in paragraph at lines 181--186

 []

[20pdfTeX warning (ext4): destination with the same identifier (name{equation.3
.4.13}) has been already used, duplicate ignored

\AtBegShi@Output ...ipout \box \AtBeginShipoutBox 
                                                  \fi \fi 
l.186 	\begin{equation}
                       ]
<image_directory/approach/high_res.png, id=763, 653.44125pt x 660.21657pt>
File: image_directory/approach/high_res.png Graphic file (type png)

<use image_directory/approach/high_res.png>
Package pdftex.def Info: image_directory/approach/high_res.png used on input li
ne 192.
(pdftex.def)             Requested size: 256.0774pt x 258.7326pt.
 [21 <./image_directory/approach/high_res.png>] [22]) [23] [24

]
\openout2 = `development.aux'.

 (./development.tex
Chapter 4.

Underfull \hbox (badness 10000) in paragraph at lines 7--10

 []

<image_directory/development/PyCharm.png, id=819, 1185.42876pt x 780.9175pt>
File: image_directory/development/PyCharm.png Graphic file (type png)

<use image_directory/development/PyCharm.png>
Package pdftex.def Info: image_directory/development/PyCharm.png used on input 
line 14.
(pdftex.def)             Requested size: 204.85802pt x 134.94673pt.

<image_directory/development/GitHub.png, id=822, 1026.83624pt x 700.6175pt>
File: image_directory/development/GitHub.png Graphic file (type png)

<use image_directory/development/GitHub.png>
Package pdftex.def Info: image_directory/development/GitHub.png used on input l
ine 21.
(pdftex.def)             Requested size: 198.71252pt x 135.57753pt.

Underfull \vbox (badness 10000) has occurred while \output is active []

 [25


]
[26 <./image_directory/development/PyCharm.png> <./image_directory/development/
GitHub.png>]
<image_directory/development/progressbar.pdf, id=846, 287.15279pt x 16.1403pt>
File: image_directory/development/progressbar.pdf Graphic file (type pdf)

<use image_directory/development/progressbar.pdf>
Package pdftex.def Info: image_directory/development/progressbar.pdf used on in
put line 54.
(pdftex.def)             Requested size: 298.75262pt x 16.79362pt.
 [27]
<image_directory/development/MapDiagram.pdf, id=855, 490.71327pt x 777.86606pt>
File: image_directory/development/MapDiagram.pdf Graphic file (type pdf)
<use image_directory/development/MapDiagram.pdf>
Package pdftex.def Info: image_directory/development/MapDiagram.pdf used on inp
ut line 71.
(pdftex.def)             Requested size: 384.10959pt x 608.90515pt.

<image_directory/development/FlowChart.pdf, id=860, 492.88138pt x 773.7708pt>
File: image_directory/development/FlowChart.pdf Graphic file (type pdf)

<use image_directory/development/FlowChart.pdf>
Package pdftex.def Info: image_directory/development/FlowChart.pdf used on inpu
t line 82.
(pdftex.def)             Requested size: 426.79134pt x 670.02277pt.


LaTeX Warning: Float too large for page by 17.69255pt on input line 85.

) [28 <./image_directory/development/progressbar.pdf

pdfTeX warning: /Library/TeX/texbin/pdflatex (file ./image_directory/developmen
t/progressbar.pdf): PDF inclusion: invalid other resource which is no dict (key
 'ProcSets', type <array>); ignored.
>] [29 <./image_directory/development/MapDiagram.pdf

pdfTeX warning: /Library/TeX/texbin/pdflatex (file ./image_directory/developmen
t/MapDiagram.pdf): PDF inclusion: invalid other resource which is no dict (key 
'ProcSets', type <array>); ignored.
>] [30 <./image_directory/development/FlowChart.pdf

pdfTeX warning: /Library/TeX/texbin/pdflatex (file ./image_directory/developmen
t/FlowChart.pdf): PDF inclusion: invalid other resource which is no dict (key '
ProcSets', type <array>); ignored.
>] [31] [32

]
\openout2 = `results.aux'.

 (./results.tex
Chapter 5.

Underfull \hbox (badness 10000) in paragraph at lines 14--17

 []

[33


]
<image_directory/resultsanddiscussion/SingleRoad_W7.pdf, id=955, 921.4425pt x 5
11.9125pt>
File: image_directory/resultsanddiscussion/SingleRoad_W7.pdf Graphic file (type
 pdf)
 <use image_directory/resultsanddiscussion/SingleRoad_W7.pdf>
Package pdftex.def Info: image_directory/resultsanddiscussion/SingleRoad_W7.pdf
 used on input line 20.
(pdftex.def)             Requested size: 298.75262pt x 166.72159pt.

Underfull \hbox (badness 10000) in paragraph at lines 28--37

 []


Underfull \hbox (badness 10000) in paragraph at lines 28--37

 []


Underfull \hbox (badness 10000) in paragraph at lines 28--37

 []


Underfull \hbox (badness 10000) in paragraph at lines 28--37

 []

[34 <./image_directory/resultsanddiscussion/SingleRoad_W7.pdf>]
<image_directory/resultsanddiscussion/trafficCircles1.pdf, id=978, 682.55pt x 5
69.12625pt>
File: image_directory/resultsanddiscussion/trafficCircles1.pdf Graphic file (ty
pe pdf)
 <use image_directory/resultsanddiscussion/trafficCircles1.pdf>
Package pdftex.def Info: image_directory/resultsanddiscussion/trafficCircles1.p
df used on input line 40.
(pdftex.def)             Requested size: 332.89671pt x 298.96965pt.

<image_directory/resultsanddiscussion/trafficCircles2.pdf, id=980, 682.55pt x 5
69.12625pt>
File: image_directory/resultsanddiscussion/trafficCircles2.pdf Graphic file (ty
pe pdf)
 <use image_directory/resultsanddiscussion/trafficCircles2.pdf>
Package pdftex.def Info: image_directory/resultsanddiscussion/trafficCircles2.p
df used on input line 46.
(pdftex.def)             Requested size: 320.09349pt x 287.46834pt.

<image_directory/resultsanddiscussion/trafficCircles3.pdf, id=982, 682.55pt x 5
69.12625pt>
File: image_directory/resultsanddiscussion/trafficCircles3.pdf Graphic file (ty
pe pdf)
 <use image_directory/resultsanddiscussion/trafficCircles3.pdf>
Package pdftex.def Info: image_directory/resultsanddiscussion/trafficCircles3.p
df used on input line 52.
(pdftex.def)             Requested size: 320.09349pt x 287.46834pt.

<image_directory/resultsanddiscussion/trafficcircles_Limiters.pdf, id=984, 1023
.825pt x 511.9125pt>
File: image_directory/resultsanddiscussion/trafficcircles_Limiters.pdf Graphic 
file (type pdf)

<use image_directory/resultsanddiscussion/trafficcircles_Limiters.pdf>
Package pdftex.def Info: image_directory/resultsanddiscussion/trafficcircles_Li
miters.pdf used on input line 58.
(pdftex.def)             Requested size: 426.79134pt x 203.37169pt.

Underfull \vbox (badness 1430) has occurred while \output is active []

 [35 <./image_directory/resultsanddiscussion/trafficCircles1.pdf>] [36 <./image
_directory/resultsanddiscussion/trafficCircles2.pdf> <./image_directory/results
anddiscussion/trafficCircles3.pdf>]
Underfull \hbox (badness 10000) in paragraph at lines 69--76

 []


Underfull \hbox (badness 10000) in paragraph at lines 69--76

 []


Underfull \hbox (badness 10000) in paragraph at lines 69--76

 []

[37 <./image_directory/resultsanddiscussion/trafficcircles_Limiters.pdf>]
<image_directory/resultsanddiscussion/RDR_map.png, id=1029, 301.125pt x 277.035
pt>
File: image_directory/resultsanddiscussion/RDR_map.png Graphic file (type png)
 <use image_directory/resultsanddiscussion/RDR_map.png>
Package pdftex.def Info: image_directory/resultsanddiscussion/RDR_map.png used 
on input line 79.
(pdftex.def)             Requested size: 243.27419pt x 223.82222pt.

<image_directory/resultsanddiscussion/ReDiRoma2.pdf, id=1031, 569.12625pt x 569
.12625pt>
File: image_directory/resultsanddiscussion/ReDiRoma2.pdf Graphic file (type pdf
)
 <use image_directory/resultsanddiscussion/ReDiRoma2.pdf>
Package pdftex.def Info: image_directory/resultsanddiscussion/ReDiRoma2.pdf use
d on input line 86.
(pdftex.def)             Requested size: 192.0548pt x 207.1908pt.

<image_directory/resultsanddiscussion/ReDiRoma3.pdf, id=1033, 569.12625pt x 569
.12625pt>
File: image_directory/resultsanddiscussion/ReDiRoma3.pdf Graphic file (type pdf
)
 <use image_directory/resultsanddiscussion/ReDiRoma3.pdf>
Package pdftex.def Info: image_directory/resultsanddiscussion/ReDiRoma3.pdf use
d on input line 88.
(pdftex.def)             Requested size: 226.19888pt x 205.02008pt.

<image_directory/resultsanddiscussion/ReDiRoma_grid.pdf, id=1035, 511.9125pt x 
511.9125pt>
File: image_directory/resultsanddiscussion/ReDiRoma_grid.pdf Graphic file (type
 pdf)
 <use image_directory/resultsanddiscussion/ReDiRoma_grid.pdf>
Package pdftex.def Info: image_directory/resultsanddiscussion/ReDiRoma_grid.pdf
 used on input line 94.
(pdftex.def)             Requested size: 341.43436pt x 341.43768pt.

<image_directory/resultsanddiscussion/ReDiRoma_reco.pdf, id=1037, 853.1875pt x 
426.59375pt>
File: image_directory/resultsanddiscussion/ReDiRoma_reco.pdf Graphic file (type
 pdf)
 <use image_directory/resultsanddiscussion/ReDiRoma_reco.pdf>
Package pdftex.def Info: image_directory/resultsanddiscussion/ReDiRoma_reco.pdf
 used on input line 101.
(pdftex.def)             Requested size: 426.79134pt x 182.90887pt.

<image_directory/resultsanddiscussion/ReDiRoma_riem.pdf, id=1039, 511.9125pt x 
511.9125pt>
File: image_directory/resultsanddiscussion/ReDiRoma_riem.pdf Graphic file (type
 pdf)
 <use image_directory/resultsanddiscussion/ReDiRoma_riem.pdf>
Package pdftex.def Info: image_directory/resultsanddiscussion/ReDiRoma_riem.pdf
 used on input line 108.
(pdftex.def)             Requested size: 341.43436pt x 341.45091pt.

Underfull \hbox (badness 10000) in paragraph at lines 116--121

 []


Underfull \hbox (badness 10000) in paragraph at lines 116--121

 []


Underfull \vbox (badness 1565) has occurred while \output is active []

 [38 <./image_directory/resultsanddiscussion/RDR_map.png>] [39 <./image_directo
ry/resultsanddiscussion/ReDiRoma2.pdf> <./image_directory/resultsanddiscussion/
ReDiRoma3.pdf> <./image_directory/resultsanddiscussion/ReDiRoma_grid.pdf>] [40 
<./image_directory/resultsanddiscussion/ReDiRoma_reco.pdf> <./image_directory/r
esultsanddiscussion/ReDiRoma_riem.pdf>]
<image_directory/resultsanddiscussion/M1J40.png, id=1078, 546.04pt x 605.26125p
t>
File: image_directory/resultsanddiscussion/M1J40.png Graphic file (type png)
 <use image_directory/resultsanddiscussion/M1J40.png>
Package pdftex.def Info: image_directory/resultsanddiscussion/M1J40.png used on
 input line 124.
(pdftex.def)             Requested size: 247.53975pt x 274.38762pt.

<image_directory/resultsanddiscussion/M1J40_1.pdf, id=1080, 569.12625pt x 569.1
2625pt>
File: image_directory/resultsanddiscussion/M1J40_1.pdf Graphic file (type pdf)
 <use image_directory/resultsanddiscussion/M1J40_1.pdf>
Package pdftex.def Info: image_directory/resultsanddiscussion/M1J40_1.pdf used 
on input line 131.
(pdftex.def)             Requested size: 181.81091pt x 304.3973pt.

<image_directory/resultsanddiscussion/M1J40_2.pdf, id=1082, 569.12625pt x 569.1
2625pt>
File: image_directory/resultsanddiscussion/M1J40_2.pdf Graphic file (type pdf)
 <use image_directory/resultsanddiscussion/M1J40_2.pdf>
Package pdftex.def Info: image_directory/resultsanddiscussion/M1J40_2.pdf used 
on input line 133.
(pdftex.def)             Requested size: 236.01294pt x 304.0276pt.

<image_directory/resultsanddiscussion/M1J40_cfl.pdf, id=1084, 563.10374pt x 511
.9125pt>
File: image_directory/resultsanddiscussion/M1J40_cfl.pdf Graphic file (type pdf
)
 <use image_directory/resultsanddiscussion/M1J40_cfl.pdf>
Package pdftex.def Info: image_directory/resultsanddiscussion/M1J40_cfl.pdf use
d on input line 139.
(pdftex.def)             Requested size: 396.91281pt x 284.05406pt.

<image_directory/resultsanddiscussion/M1J40_reco.pdf, id=1088, 682.55pt x 569.1
2625pt>
File: image_directory/resultsanddiscussion/M1J40_reco.pdf Graphic file (type pd
f)
 <use image_directory/resultsanddiscussion/M1J40_reco.pdf>
Package pdftex.def Info: image_directory/resultsanddiscussion/M1J40_reco.pdf us
ed on input line 146.
(pdftex.def)             Requested size: 426.79134pt x 261.3551pt.

Underfull \hbox (badness 10000) in paragraph at lines 154--161

 []


Underfull \hbox (badness 10000) in paragraph at lines 154--161

 []


Underfull \hbox (badness 10000) in paragraph at lines 154--161

 []


Underfull \vbox (badness 10000) has occurred while \output is active []

 [41]
[42 <./image_directory/resultsanddiscussion/M1J40.png> <./image_directory/resul
tsanddiscussion/M1J40_1.pdf> <./image_directory/resultsanddiscussion/M1J40_2.pd
f>] [43 <./image_directory/resultsanddiscussion/M1J40_cfl.pdf> <./image_directo
ry/resultsanddiscussion/M1J40_reco.pdf>] [44]
<image_directory/resultsanddiscussion/Time_SingleRoad_W7.pdf, id=1145, 1023.825
pt x 511.9125pt>
File: image_directory/resultsanddiscussion/Time_SingleRoad_W7.pdf Graphic file 
(type pdf)

<use image_directory/resultsanddiscussion/Time_SingleRoad_W7.pdf>
Package pdftex.def Info: image_directory/resultsanddiscussion/Time_SingleRoad_W
7.pdf used on input line 166.
(pdftex.def)             Requested size: 426.79134pt x 109.28882pt.

<image_directory/resultsanddiscussion/Time_TC_limiters.pdf, id=1147, 1023.825pt
 x 511.9125pt>
File: image_directory/resultsanddiscussion/Time_TC_limiters.pdf Graphic file (t
ype pdf)
 <use image_directory/resultsanddiscussion/Time_TC_limiters.pdf>
Package pdftex.def Info: image_directory/resultsanddiscussion/Time_TC_limiters.
pdf used on input line 173.
(pdftex.def)             Requested size: 426.79134pt x 128.03922pt.

<image_directory/resultsanddiscussion/Time_TC_grid.pdf, id=1149, 1023.825pt x 5
11.9125pt>
File: image_directory/resultsanddiscussion/Time_TC_grid.pdf Graphic file (type 
pdf)
 <use image_directory/resultsanddiscussion/Time_TC_grid.pdf>
Package pdftex.def Info: image_directory/resultsanddiscussion/Time_TC_grid.pdf 
used on input line 180.
(pdftex.def)             Requested size: 426.79134pt x 151.91109pt.

Underfull \vbox (badness 10000) has occurred while \output is active []

 [45 <./image_directory/resultsanddiscussion/Time_SingleRoad_W7.pdf> <./image_d
irectory/resultsanddiscussion/Time_TC_limiters.pdf> <./image_directory/resultsa
nddiscussion/Time_TC_grid.pdf>]
Underfull \hbox (badness 10000) in paragraph at lines 187--194

 []


Underfull \hbox (badness 10000) in paragraph at lines 187--194

 []


Underfull \hbox (badness 10000) in paragraph at lines 187--194

 []


<image_directory/resultsanddiscussion/Time_M1J40_CFL.pdf, id=1198, 767.86874pt 
x 511.9125pt>
File: image_directory/resultsanddiscussion/Time_M1J40_CFL.pdf Graphic file (typ
e pdf)
 <use image_directory/resultsanddiscussion/Time_M1J40_CFL.pdf>
Package pdftex.def Info: image_directory/resultsanddiscussion/Time_M1J40_CFL.pd
f used on input line 197.
(pdftex.def)             Requested size: 426.79134pt x 203.9573pt.

<image_directory/resultsanddiscussion/Time_M1J40_reco.pdf, id=1202, 767.86874pt
 x 511.9125pt>
File: image_directory/resultsanddiscussion/Time_M1J40_reco.pdf Graphic file (ty
pe pdf)
 <use image_directory/resultsanddiscussion/Time_M1J40_reco.pdf>
Package pdftex.def Info: image_directory/resultsanddiscussion/Time_M1J40_reco.p
df used on input line 204.
(pdftex.def)             Requested size: 426.79134pt x 218.52551pt.

<image_directory/resultsanddiscussion/Time_ReDiRoma_riem.pdf, id=1204, 1023.825
pt x 511.9125pt>
File: image_directory/resultsanddiscussion/Time_ReDiRoma_riem.pdf Graphic file 
(type pdf)

<use image_directory/resultsanddiscussion/Time_ReDiRoma_riem.pdf>
Package pdftex.def Info: image_directory/resultsanddiscussion/Time_ReDiRoma_rie
m.pdf used on input line 211.
(pdftex.def)             Requested size: 362.77524pt x 181.39146pt.

<image_directory/resultsanddiscussion/Time_mixed.pdf, id=1206, 853.1875pt x 853
.1875pt>
File: image_directory/resultsanddiscussion/Time_mixed.pdf Graphic file (type pd
f)
 <use image_directory/resultsanddiscussion/Time_mixed.pdf>
Package pdftex.def Info: image_directory/resultsanddiscussion/Time_mixed.pdf us
ed on input line 218.
(pdftex.def)             Requested size: 362.77524pt x 376.47528pt.
) [46]
[47 <./image_directory/resultsanddiscussion/Time_M1J40_CFL.pdf> <./image_direct
ory/resultsanddiscussion/Time_M1J40_reco.pdf>] [48 <./image_directory/resultsan
ddiscussion/Time_ReDiRoma_riem.pdf> <./image_directory/resultsanddiscussion/Tim
e_mixed.pdf>]
\openout2 = `conclusions.aux'.

 (./conclusions.tex
Chapter 6.
[49



]) [50] (./thesis.bbl
Underfull \vbox (badness 10000) has occurred while \output is active []

 [51


]
Underfull \vbox (badness 10000) has occurred while \output is active []

 [52]
Missing character: There is no â in font cmr12!
Missing character: There is no € in font cmr12!
Missing character: There is no “ in font cmr12!
Missing character: There is no â in font cmti12!
Missing character: There is no € in font cmti12!
Missing character: There is no “ in font cmti12!

Underfull \vbox (badness 10000) has occurred while \output is active []

 [53]
Underfull \vbox (badness 10000) has occurred while \output is active []

 [54]
Underfull \hbox (badness 2181) in paragraph at lines 335--343
\OT1/cmr/m/n/12 schemes for hy-per-bolic con-ser-va-tion laws.  \OT1/cmr/m/it/1
2 NASA In-sti-tute for Com-
 []


Underfull \hbox (badness 1043) in paragraph at lines 335--343
\OT1/cmr/m/it/12 puter Ap-pli-ca-tions in Sci-ence and En-gi-neer-ing\OT1/cmr/m
/n/12 , 97-65, 1997.  Avail-able
 []


Underfull \vbox (badness 10000) has occurred while \output is active []

 [55])
[56]
\openout2 = `app_codes.aux'.

 (./app_codes.tex
Appendix A.
(/usr/local/texlive/2015/texmf-dist/tex/latex/listings/lstlang1.sty
File: lstlang1.sty 2014/09/06 1.5e listings language file
)
Package hyperref Info: bookmark level for unknown lstlisting defaults to 0 on i
nput line 13.

(./code/main.py
LaTeX Font Info:    Font shape `OT1/cmtt/bx/n' in size <8> not available
(Font)              Font shape `OT1/cmtt/m/n' tried instead on input line 20.
 [57


]
Underfull \vbox (badness 10000) has occurred while \output is active []

 [58]
Underfull \vbox (badness 10000) has occurred while \output is active []

 [59]
Underfull \vbox (badness 10000) has occurred while \output is active []

 [60]
Underfull \vbox (badness 10000) has occurred while \output is active []

 [61]
Underfull \vbox (badness 10000) has occurred while \output is active []

 [62]
Underfull \vbox (badness 10000) has occurred while \output is active []

 [63]
Underfull \vbox (badness 10000) has occurred while \output is active []

 [64]
Underfull \vbox (badness 10000) has occurred while \output is active []

 [65]
Underfull \vbox (badness 10000) has occurred while \output is active []

 [66]
Underfull \vbox (badness 10000) has occurred while \output is active []

 [67]
Underfull \vbox (badness 10000) has occurred while \output is active []

 [68]
Underfull \vbox (badness 10000) has occurred while \output is active []

 [69])
[70]

Package hyperref Warning: Token not allowed in a PDF string (PDFDocEncoding):
(hyperref)                removing `math shift' on input line 17.


Package hyperref Warning: Token not allowed in a PDF string (PDFDocEncoding):
(hyperref)                removing `math shift' on input line 17.

(./code/define_map.py [71]
Underfull \vbox (badness 10000) has occurred while \output is active []

 [72])
[73] (./code/MUSCLReconstruction.py [74]
Underfull \vbox (badness 10000) has occurred while \output is active []

 [75])
[76] (./code/WENOReconstruction.py [77]
Underfull \vbox (badness 10000) has occurred while \output is active []

 [78]
Underfull \vbox (badness 10000) has occurred while \output is active []

 [79]
Underfull \vbox (badness 10000) has occurred while \output is active []

 [80]
Underfull \vbox (badness 10000) has occurred while \output is active []

 [81]
Underfull \vbox (badness 10000) has occurred while \output is active []

 [82])
(/usr/local/texlive/2015/texmf-dist/tex/latex/listings/lstlang1.sty
File: lstlang1.sty 2014/09/06 1.5e listings language file
)
(/usr/local/texlive/2015/texmf-dist/tex/latex/listings/lstlang1.sty
File: lstlang1.sty 2014/09/06 1.5e listings language file
)
(/usr/local/texlive/2015/texmf-dist/tex/latex/listings/lstlang1.sty
File: lstlang1.sty 2014/09/06 1.5e listings language file
)
(./code/params.txt) [83]
(/usr/local/texlive/2015/texmf-dist/tex/latex/listings/lstlang1.sty
File: lstlang1.sty 2014/09/06 1.5e listings language file
)
(./code/MATLAB/RomeRoundaboutPlot.m [84]
Underfull \vbox (badness 10000) has occurred while \output is active []

 [85])
(./code/MATLAB/multicollineplot.m) [86] (./code/MATLAB/M1J40plot.m [87]
Underfull \vbox (badness 10000) has occurred while \output is active []

 [88]
Underfull \vbox (badness 10000) has occurred while \output is active []

 [89])
(./code/MATLAB/arcpoints.m) [90] (./code/MATLAB/denlineplot.m) [91]

Package hyperref Warning: Token not allowed in a PDF string (PDFDocEncoding):
(hyperref)                removing `math shift' on input line 89.


Package hyperref Warning: Token not allowed in a PDF string (PDFDocEncoding):
(hyperref)                removing `math shift' on input line 89.

(./code/NS/NS_implementation.m [92]
Underfull \vbox (badness 10000) has occurred while \output is active []

 [93])
(./code/NS/drawCircle.m)) [94]
\openout2 = `app_reco.aux'.

 (./app_reco.tex
Appendix B.
<image_directory/appendix/MUSCL_linear.pdf, id=3833, 247.8861pt x 127.4361pt>
File: image_directory/appendix/MUSCL_linear.pdf Graphic file (type pdf)

<use image_directory/appendix/MUSCL_linear.pdf>
Package pdftex.def Info: image_directory/appendix/MUSCL_linear.pdf used on inpu
t line 26.
(pdftex.def)             Requested size: 256.0774pt x 126.1676pt.
 [95



 <./image_directory/appendix/MUSCL_linear.pdf

pdfTeX warning: /Library/TeX/texbin/pdflatex (file ./image_directory/appendix/M
USCL_linear.pdf): PDF inclusion: invalid other resource which is no dict (key '
ProcSets', type <array>); ignored.
>] <image_directory/appendix/MUSCL_para.pdf, id=3876, 409.53pt x 187.66109pt>
File: image_directory/appendix/MUSCL_para.pdf Graphic file (type pdf)

<use image_directory/appendix/MUSCL_para.pdf>
Package pdftex.def Info: image_directory/appendix/MUSCL_para.pdf used on input 
line 42.
(pdftex.def)             Requested size: 298.75262pt x 115.64215pt.
 [96 <./image_directory/appendix/MUSCL_para.pdf

pdfTeX warning: /Library/TeX/texbin/pdflatex (file ./image_directory/appendix/M
USCL_para.pdf): PDF inclusion: invalid other resource which is no dict (key 'Pr
ocSets', type <array>); ignored.
>] [97]
<image_directory/appendix/Limiters.png, id=3960, 651.93562pt x 623.32875pt>
File: image_directory/appendix/Limiters.png Graphic file (type png)

<use image_directory/appendix/Limiters.png>
Package pdftex.def Info: image_directory/appendix/Limiters.png used on input li
ne 165.
(pdftex.def)             Requested size: 426.79134pt x 408.07883pt.
 [98pdfTeX warning (ext4): destination with the same identifier (name{equation.
B.1.21}) has been already used, duplicate ignored

\AtBegShi@Output ...ipout \box \AtBeginShipoutBox 
                                                  \fi \fi 
l.175 \begin{enumerate}
                       pdfTeX warning (ext4): destination with the same identif
ier (name{equation.B.1.22}) has been already used, duplicate ignored

\AtBegShi@Output ...ipout \box \AtBeginShipoutBox 
                                                  \fi \fi 
l.175 \begin{enumerate}
                       ] [99 <./image_directory/appendix/Limiters.png (PNG copy
)>] [100] [101]
<image_directory/appendix/WENO5.pdf, id=4002, 434.58359pt x 246.9225pt>
File: image_directory/appendix/WENO5.pdf Graphic file (type pdf)

<use image_directory/appendix/WENO5.pdf>
Package pdftex.def Info: image_directory/appendix/WENO5.pdf used on input line 
304.
(pdftex.def)             Requested size: 426.79134pt x 193.0931pt.
 [102 <./image_directory/appendix/WENO5.pdf

pdfTeX warning: /Library/TeX/texbin/pdflatex (file ./image_directory/appendix/W
ENO5.pdf): PDF inclusion: invalid other resource which is no dict (key 'ProcSet
s', type <array>); ignored.
>]
Underfull \vbox (badness 10000) has occurred while \output is active []

 [103])
[104]
\openout2 = `app_supp.aux'.

 (./app_supp.tex
Appendix C.

Underfull \vbox (badness 5133) has occurred while \output is active []

 [105



pdfTeX warning (ext4): destination with the same identifier (name{equation.C.1.
1}) has been already used, duplicate ignored

\AtBegShi@Output ...ipout \box \AtBeginShipoutBox 
                                                  \fi \fi 
l.52 	\end{equation}
                    pdfTeX warning (ext4): destination with the same identifier
 (name{equation.C.1.1}) has been already used, duplicate ignored

\AtBegShi@Output ...ipout \box \AtBeginShipoutBox 
                                                  \fi \fi 
l.52 	\end{equation}
                    pdfTeX warning (ext4): destination with the same identifier
 (name{equation.C.1.1}) has been already used, duplicate ignored

\AtBegShi@Output ...ipout \box \AtBeginShipoutBox 
                                                  \fi \fi 
l.52 	\end{equation}
                    ]pdfTeX warning (ext4): destination with the same identifie
r (name{equation.C.1.1}) has been already used, duplicate ignored
<to be read again> 
                   \relax 
l.54 	\begin{equation}
                      pdfTeX warning (ext4): destination with the same identifi
er (name{equation.C.1.1}) has been already used, duplicate ignored
<to be read again> 
                   \relax 
l.54 	\begin{equation}
                      pdfTeX warning (ext4): destination with the same identifi
er (name{equation.C.1.1}) has been already used, duplicate ignored
<to be read again> 
                   \relax 
l.54 	\begin{equation}
                      pdfTeX warning (ext4): destination with the same identifi
er (name{equation.C.1.1}) has been already used, duplicate ignored
<to be read again> 
                   \relax 
l.54 	\begin{equation}
                      
<image_directory/appendix/NS_physical.pdf, id=4110, 569.12625pt x 569.12625pt>
File: image_directory/appendix/NS_physical.pdf Graphic file (type pdf)

<use image_directory/appendix/NS_physical.pdf>
Package pdftex.def Info: image_directory/appendix/NS_physical.pdf used on input
 line 66.
(pdftex.def)             Requested size: 209.1301pt x 195.39957pt.

<image_directory/appendix/NS_waves.pdf, id=4112, 569.12625pt x 569.12625pt>
File: image_directory/appendix/NS_waves.pdf Graphic file (type pdf)

<use image_directory/appendix/NS_waves.pdf>
Package pdftex.def Info: image_directory/appendix/NS_waves.pdf used on input li
ne 68.
(pdftex.def)             Requested size: 209.1301pt x 195.39957pt.
 [106pdfTeX warning (ext4): destination with the same identifier (name{equation
.C.1.1}) has been already used, duplicate ignored

\AtBegShi@Output ...ipout \box \AtBeginShipoutBox 
                                                  \fi \fi 
l.72 \newpage
              <./image_directory/appendix/NS_physical.pdf> <./image_directory/a
ppendix/NS_waves.pdf>]
<image_directory/appendix/TFM_timeline.pdf, id=4128, 2464.00848pt x 845.0471pt>
File: image_directory/appendix/TFM_timeline.pdf Graphic file (type pdf)
<use image_directory/appendix/TFM_timeline.pdf>
Package pdftex.def Info: image_directory/appendix/TFM_timeline.pdf used on inpu
t line 77.
(pdftex.def)             Requested size: 2464.00249pt x 845.04504pt.
 [107 <./image_directory/appendix/TFM_timeline.pdf>] (./textfiles/simulation_in
fo.txt) (./textfiles/console.txt)) [108] [109

]
Package atveryend Info: Empty hook `BeforeClearDocument' on input line 238.
 [110]
Package atveryend Info: Empty hook `AfterLastShipout' on input line 238.
 (./thesis.aux (./frontmatter.aux) (./abbreviations.aux)
(./nomenclature.aux) (./introduction.aux) (./literature.aux) (./approach.aux)
(./development.aux) (./results.aux) (./conclusions.aux) (./app_codes.aux)
(./app_reco.aux) (./app_supp.aux))
Package atveryend Info: Executing hook `AtVeryEndDocument' on input line 238.
Package atveryend Info: Empty hook `AtEndAfterFileList' on input line 238.
Package atveryend Info: Empty hook `AtVeryVeryEnd' on input line 238.
 ) 
Here is how much of TeX's memory you used:
 16179 strings out of 493089
 241565 string characters out of 6134842
 716583 words of memory out of 5000000
 16460 multiletter control sequences out of 15000+600000
 23623 words of font info for 85 fonts, out of 8000000 for 9000
 1141 hyphenation exceptions out of 8191
 70i,13n,147p,2448b,2259s stack positions out of 5000i,500n,10000p,200000b,80000s
pdfTeX warning (dest): name{Hfootnote.10} has been referenced but does not ex
ist, replaced by a fixed one

pdfTeX warning (dest): name{Hfootnote.9} has been referenced but does not exist
, replaced by a fixed one

pdfTeX warning (dest): name{Hfootnote.8} has been referenced but does not exist
, replaced by a fixed one

pdfTeX warning (dest): name{Hfootnote.7} has been referenced but does not exist
, replaced by a fixed one

pdfTeX warning (dest): name{Hfootnote.6} has been referenced but does not exist
, replaced by a fixed one

pdfTeX warning (dest): name{Hfootnote.5} has been referenced but does not exist
, replaced by a fixed one

pdfTeX warning (dest): name{Hfootnote.4} has been referenced but does not exist
, replaced by a fixed one

pdfTeX warning (dest): name{Hfootnote.3} has been referenced but does not exist
, replaced by a fixed one

pdfTeX warning (dest): name{Hfootnote.2} has been referenced but does not exist
, replaced by a fixed one

pdfTeX warning (dest): name{Hfootnote.1} has been referenced but does not exist
, replaced by a fixed one

</usr/local/texlive/2015/texmf-dist/fonts/type1/public/amsfonts/cm/cmbx12.pfb><
/usr/local/texlive/2015/texmf-dist/fonts/type1/public/amsfonts/cm/cmbx8.pfb></u
sr/local/texlive/2015/texmf-dist/fonts/type1/public/amsfonts/cm/cmbxti10.pfb></
usr/local/texlive/2015/texmf-dist/fonts/type1/public/amsfonts/cm/cmcsc10.pfb></
usr/local/texlive/2015/texmf-dist/fonts/type1/public/amsfonts/cm/cmex10.pfb></u
sr/local/texlive/2015/texmf-dist/fonts/type1/public/amsfonts/cm/cmmi10.pfb></us
r/local/texlive/2015/texmf-dist/fonts/type1/public/amsfonts/cm/cmmi12.pfb></usr
/local/texlive/2015/texmf-dist/fonts/type1/public/amsfonts/cm/cmmi6.pfb></usr/l
ocal/texlive/2015/texmf-dist/fonts/type1/public/amsfonts/cm/cmmi7.pfb></usr/loc
al/texlive/2015/texmf-dist/fonts/type1/public/amsfonts/cm/cmmi8.pfb></usr/local
/texlive/2015/texmf-dist/fonts/type1/public/amsfonts/cm/cmr10.pfb></usr/local/t
exlive/2015/texmf-dist/fonts/type1/public/amsfonts/cm/cmr12.pfb></usr/local/tex
live/2015/texmf-dist/fonts/type1/public/amsfonts/cm/cmr6.pfb></usr/local/texliv
e/2015/texmf-dist/fonts/type1/public/amsfonts/cm/cmr7.pfb></usr/local/texlive/2
015/texmf-dist/fonts/type1/public/amsfonts/cm/cmr8.pfb></usr/local/texlive/2015
/texmf-dist/fonts/type1/public/amsfonts/cm/cmsl12.pfb></usr/local/texlive/2015/
texmf-dist/fonts/type1/public/amsfonts/cm/cmss10.pfb></usr/local/texlive/2015/t
exmf-dist/fonts/type1/public/amsfonts/cm/cmss12.pfb></usr/local/texlive/2015/te
xmf-dist/fonts/type1/public/amsfonts/cm/cmssbx10.pfb></usr/local/texlive/2015/t
exmf-dist/fonts/type1/public/amsfonts/cm/cmsy10.pfb></usr/local/texlive/2015/te
xmf-dist/fonts/type1/public/amsfonts/cm/cmsy7.pfb></usr/local/texlive/2015/texm
f-dist/fonts/type1/public/amsfonts/cm/cmsy8.pfb></usr/local/texlive/2015/texmf-
dist/fonts/type1/public/amsfonts/cm/cmti10.pfb></usr/local/texlive/2015/texmf-d
ist/fonts/type1/public/amsfonts/cm/cmti12.pfb></usr/local/texlive/2015/texmf-di
st/fonts/type1/public/amsfonts/cm/cmtt10.pfb></usr/local/texlive/2015/texmf-dis
t/fonts/type1/public/amsfonts/cm/cmtt12.pfb></usr/local/texlive/2015/texmf-dist
/fonts/type1/public/amsfonts/cm/cmtt8.pfb></usr/local/texlive/2015/texmf-dist/f
onts/type1/public/doublestroke/dsrom10.pfb></usr/local/texlive/2015/texmf-dist/
fonts/type1/urw/times/utmr8a.pfb>
Output written on thesis.pdf (130 pages, 4126126 bytes).
PDF statistics:
 5179 PDF objects out of 6186 (max. 8388607)
 4714 compressed objects within 48 object streams
 2795 named destinations out of 2984 (max. 500000)
 1155 words of extra memory for PDF output out of 10000 (max. 10000000)

